[2025-06-30 23:24:13] c
[2025-06-30 23:24:13] x
[2025-06-30 23:24:13] v
[2025-06-30 23:24:13] s
[2025-06-30 23:24:13] o
[2025-06-30 23:24:13] s
[2025-06-30 23:24:14] f
[2025-06-30 23:24:14] i
[2025-06-30 23:24:14] s
[2025-06-30 23:24:14] n
[2025-06-30 23:24:14] f
[2025-06-30 23:24:14] o
[2025-06-30 23:24:14] n
[2025-06-30 23:24:14] f
[2025-06-30 23:24:14] s
[2025-06-30 23:24:14] i
[2025-06-30 23:24:14] f
[2025-06-30 23:24:14] s
[2025-06-30 23:24:14] f
[2025-06-30 23:24:43] d
[2025-06-30 23:24:43] s
[2025-06-30 23:24:43] f
[2025-06-30 23:24:43] s
[2025-06-30 23:24:43] d
[2025-06-30 23:24:43] f
[2025-06-30 23:24:43] d
[2025-06-30 23:24:43] s
[2025-06-30 23:24:43] f
[2025-06-30 23:24:44] f
[2025-06-30 23:24:44] s
[2025-06-30 23:26:42] Backspace
[2025-06-30 23:26:51] d
[2025-06-30 23:26:51] s
[2025-06-30 23:26:51] f
[2025-06-30 23:26:51] s
[2025-06-30 23:26:51] f
[2025-06-30 23:26:51] d
[2025-06-30 23:26:51] s
[2025-06-30 23:26:51] f
[2025-06-30 23:26:52] s
[2025-06-30 23:26:52] f
[2025-06-30 23:26:52] f
[2025-06-30 23:26:55] h
[2025-06-30 23:26:56] e
[2025-06-30 23:26:56] l
[2025-06-30 23:26:56] l
[2025-06-30 23:26:56] o
